{
  "RSpec": {
    "coverage": {
      "/home/aaz/lessons/vacation_master/spec/controllers/employees_controller_spec.rb": {
        "lines": [
          1,
          null,
          1,
          2,
          5,
          1,
          null,
          1,
          1,
          1,
          2,
          2,
          null,
          null,
          1,
          1,
          null,
          null,
          1,
          1,
          null,
          null,
          null,
          1,
          1,
          1,
          1,
          null,
          null,
          null,
          1,
          1,
          1,
          1,
          1,
          null,
          null,
          null,
          null
        ]
      },
      "/home/aaz/lessons/vacation_master/spec/rails_helper.rb": {
        "lines": [
          null,
          1,
          null,
          1,
          1,
          null,
          1,
          1,
          null,
          null,
          null,
          null,
          null,
          null,
          null,
          null,
          null,
          null,
          null,
          null,
          null,
          null,
          null,
          4,
          null,
          null,
          null,
          null,
          1,
          null,
          0,
          null,
          1,
          1,
          1,
          1,
          null,
          1,
          1,
          null,
          1,
          14,
          null,
          null,
          null,
          1,
          null,
          null,
          null,
          null,
          1,
          null,
          null,
          null,
          null,
          null,
          null,
          null,
          null,
          null,
          null,
          null,
          null,
          null,
          null,
          null,
          null,
          null,
          1,
          null,
          null,
          1,
          null,
          null,
          null,
          null,
          1,
          1,
          1,
          1,
          null,
          null,
          null,
          1,
          1,
          null
        ]
      },
      "/home/aaz/lessons/vacation_master/config/environment.rb": {
        "lines": [
          null,
          1,
          null,
          null,
          1
        ]
      },
      "/home/aaz/lessons/vacation_master/config/application.rb": {
        "lines": [
          1,
          null,
          1,
          null,
          1,
          1,
          1,
          1,
          1,
          1,
          1,
          1,
          1,
          1,
          null,
          null,
          null,
          null,
          1,
          null,
          1,
          1,
          null,
          1,
          null,
          null,
          null,
          null,
          null,
          null,
          null,
          null,
          1,
          null,
          1,
          null,
          null,
          1,
          1,
          null,
          null,
          null,
          null,
          null,
          null,
          null,
          null
        ]
      },
      "/home/aaz/lessons/vacation_master/config/boot.rb": {
        "lines": [
          1,
          null,
          1,
          1
        ]
      },
      "/home/aaz/lessons/vacation_master/config/environments/test.rb": {
        "lines": [
          1,
          null,
          null,
          null,
          null,
          null,
          null,
          1,
          null,
          null,
          null,
          1,
          null,
          null,
          null,
          null,
          1,
          null,
          null,
          1,
          1,
          null,
          null,
          null,
          null,
          1,
          1,
          1,
          null,
          null,
          1,
          null,
          null,
          1,
          null,
          null,
          1,
          null,
          1,
          null,
          null,
          null,
          null,
          1,
          1,
          null,
          null,
          1,
          null,
          null,
          1,
          null,
          null,
          1,
          null,
          null,
          null,
          null,
          null,
          null,
          null
        ]
      },
      "/home/aaz/lessons/vacation_master/config/initializers/assets.rb": {
        "lines": [
          null,
          null,
          null,
          1,
          null,
          null,
          null,
          1,
          null,
          null,
          null,
          null,
          null
        ]
      },
      "/home/aaz/lessons/vacation_master/config/initializers/content_security_policy.rb": {
        "lines": [
          null,
          null,
          null,
          null,
          null,
          null,
          null,
          null,
          null,
          null,
          null,
          null,
          null,
          null,
          null,
          null,
          null,
          null,
          null,
          null,
          null,
          null,
          null,
          null,
          null
        ]
      },
      "/home/aaz/lessons/vacation_master/config/initializers/devise.rb": {
        "lines": [
          null,
          null,
          null,
          null,
          null,
          null,
          null,
          null,
          null,
          null,
          1,
          null,
          null,
          null,
          null,
          null,
          null,
          null,
          null,
          null,
          null,
          null,
          null,
          null,
          null,
          null,
          1,
          null,
          null,
          null,
          null,
          null,
          null,
          null,
          null,
          null,
          null,
          null,
          1,
          null,
          null,
          null,
          null,
          null,
          null,
          null,
          null,
          null,
          null,
          null,
          null,
          null,
          null,
          null,
          null,
          null,
          null,
          null,
          null,
          null,
          1,
          null,
          null,
          null,
          null,
          1,
          null,
          null,
          null,
          null,
          null,
          null,
          null,
          null,
          null,
          null,
          null,
          null,
          null,
          null,
          null,
          null,
          null,
          null,
          null,
          null,
          null,
          null,
          null,
          null,
          null,
          null,
          null,
          null,
          null,
          null,
          null,
          null,
          null,
          1,
          null,
          null,
          null,
          null,
          null,
          null,
          null,
          null,
          null,
          null,
          null,
          null,
          null,
          null,
          null,
          null,
          null,
          null,
          null,
          null,
          null,
          null,
          null,
          null,
          null,
          1,
          null,
          null,
          null,
          null,
          null,
          null,
          null,
          null,
          null,
          null,
          null,
          null,
          null,
          null,
          null,
          null,
          null,
          null,
          null,
          null,
          null,
          null,
          null,
          null,
          null,
          null,
          null,
          null,
          null,
          null,
          null,
          null,
          null,
          1,
          null,
          null,
          null,
          null,
          null,
          null,
          null,
          null,
          null,
          1,
          null,
          null,
          null,
          null,
          null,
          null,
          null,
          null,
          null,
          null,
          1,
          null,
          null,
          null,
          null,
          1,
          null,
          null,
          null,
          null,
          null,
          null,
          null,
          null,
          null,
          null,
          null,
          null,
          null,
          null,
          null,
          null,
          null,
          null,
          null,
          null,
          null,
          null,
          null,
          null,
          null,
          null,
          null,
          null,
          null,
          null,
          null,
          null,
          null,
          null,
          null,
          null,
          null,
          null,
          null,
          null,
          1,
          null,
          null,
          null,
          null,
          null,
          null,
          null,
          null,
          null,
          null,
          null,
          null,
          null,
          null,
          null,
          null,
          null,
          null,
          null,
          null,
          null,
          null,
          null,
          null,
          null,
          null,
          null,
          null,
          null,
          null,
          null,
          null,
          null,
          null,
          null,
          null,
          null,
          null,
          null,
          null,
          null,
          1,
          null,
          null,
          null,
          null,
          null,
          null,
          null,
          null,
          null,
          null,
          null,
          null,
          null,
          null,
          null,
          null,
          null,
          null,
          null,
          null,
          null,
          null,
          null,
          null,
          null,
          null,
          null,
          null,
          null,
          null,
          null,
          null,
          null,
          null,
          null,
          1,
          1,
          null,
          null,
          null,
          null,
          null,
          null,
          null
        ]
      },
      "/home/aaz/lessons/vacation_master/config/initializers/filter_parameter_logging.rb": {
        "lines": [
          null,
          null,
          null,
          null,
          null,
          1,
          null,
          null
        ]
      },
      "/home/aaz/lessons/vacation_master/config/initializers/inflections.rb": {
        "lines": [
          null,
          null,
          null,
          null,
          null,
          null,
          null,
          null,
          null,
          null,
          null,
          null,
          null,
          null,
          null,
          null
        ]
      },
      "/home/aaz/lessons/vacation_master/config/initializers/permissions_policy.rb": {
        "lines": [
          null,
          null,
          null,
          null,
          null,
          null,
          null,
          null,
          null,
          null,
          null
        ]
      },
      "/home/aaz/lessons/vacation_master/spec/factories/employees.rb": {
        "lines": [
          1,
          1,
          93,
          93,
          93,
          93,
          null,
          null
        ]
      },
      "/home/aaz/lessons/vacation_master/spec/factories/vacations.rb": {
        "lines": [
          1,
          1,
          25,
          59,
          59,
          null,
          1,
          1,
          1,
          null,
          null,
          null
        ]
      },
      "/home/aaz/lessons/vacation_master/config/routes.rb": {
        "lines": [
          1,
          1,
          null,
          1,
          null,
          1,
          1,
          null
        ]
      },
      "/home/aaz/lessons/vacation_master/app/models/employee.rb": {
        "lines": [
          1,
          1,
          null,
          null,
          1,
          1,
          null,
          null,
          null,
          null
        ]
      },
      "/home/aaz/lessons/vacation_master/app/models/application_record.rb": {
        "lines": [
          1,
          1,
          null
        ]
      },
      "/home/aaz/lessons/vacation_master/app/helpers/application_helper.rb": {
        "lines": [
          1,
          null
        ]
      },
      "/home/aaz/lessons/vacation_master/spec/support/feature_helpers.rb": {
        "lines": [
          1,
          1,
          11,
          11,
          11,
          11,
          null,
          null
        ]
      },
      "/home/aaz/lessons/vacation_master/spec/support/shared/redirect_to_root.rb": {
        "lines": [
          1,
          6,
          6,
          null,
          null
        ]
      },
      "/home/aaz/lessons/vacation_master/spec/support/shared/vacation_status_still_received.rb": {
        "lines": [
          1,
          3,
          3,
          null,
          null
        ]
      },
      "/home/aaz/lessons/vacation_master/app/controllers/employees_controller.rb": {
        "lines": [
          1,
          1,
          16,
          16,
          null,
          null,
          1,
          null,
          1,
          16,
          null,
          null
        ]
      },
      "/home/aaz/lessons/vacation_master/app/controllers/application_controller.rb": {
        "lines": [
          1,
          1,
          null,
          1,
          null,
          1,
          12,
          null,
          null
        ]
      },
      "/home/aaz/lessons/vacation_master/app/controllers/concerns/authorized.rb": {
        "lines": [
          null,
          null,
          1,
          1,
          null,
          1,
          1,
          null,
          1,
          null,
          1,
          null,
          1,
          15,
          15,
          null,
          null,
          null
        ]
      },
      "/home/aaz/lessons/vacation_master/spec/controllers/vacations_controller_spec.rb": {
        "lines": [
          1,
          null,
          1,
          13,
          25,
          15,
          3,
          null,
          1,
          1,
          1,
          2,
          2,
          2,
          null,
          null,
          1,
          1,
          null,
          null,
          1,
          1,
          null,
          null,
          null,
          1,
          1,
          2,
          2,
          2,
          null,
          null,
          1,
          1,
          null,
          null,
          1,
          1,
          2,
          2,
          2,
          null,
          null,
          1,
          1,
          null,
          null,
          1,
          null,
          null,
          1,
          1,
          2,
          2,
          2,
          null,
          null,
          1,
          1,
          null,
          null,
          1,
          1,
          2,
          2,
          null,
          null,
          1,
          1,
          null,
          null,
          null,
          null,
          null,
          1,
          1,
          1,
          2,
          2,
          null,
          null,
          1,
          1,
          null,
          null,
          1,
          1,
          null,
          null,
          null,
          1,
          2,
          null,
          1,
          null,
          null,
          null,
          1,
          1,
          7,
          null,
          1,
          1,
          2,
          null,
          null,
          1,
          1,
          1,
          null,
          null,
          null,
          1,
          1,
          2,
          null,
          null,
          null,
          1,
          1,
          1,
          null,
          null,
          null,
          1,
          1,
          1,
          1,
          null,
          null,
          null,
          null,
          null,
          null,
          1,
          1,
          null,
          null,
          1,
          null,
          null,
          null,
          null,
          1,
          1,
          2,
          null,
          null,
          1,
          1,
          1,
          null,
          null,
          null,
          null,
          1,
          2,
          null,
          1,
          1,
          2,
          2,
          null,
          null,
          1,
          1,
          null,
          null,
          1,
          1,
          null,
          null,
          null,
          1,
          1,
          1,
          1,
          null,
          null,
          1,
          null,
          null,
          1,
          1,
          1,
          1,
          null,
          null,
          null,
          null,
          1,
          1,
          1,
          2,
          2,
          null,
          null,
          1,
          1,
          null,
          null,
          1,
          1,
          null,
          null,
          null,
          1,
          1,
          1,
          1,
          null,
          null,
          1,
          1,
          null,
          null,
          null,
          1,
          1,
          2,
          2,
          null,
          null,
          1,
          1,
          null,
          null,
          1,
          1,
          null,
          null,
          null,
          1,
          1,
          1,
          1,
          null,
          null,
          null,
          null
        ]
      },
      "/home/aaz/lessons/vacation_master/app/controllers/vacations_controller.rb": {
        "lines": [
          1,
          1,
          1,
          null,
          1,
          null,
          1,
          10,
          null,
          null,
          1,
          7,
          null,
          null,
          1,
          5,
          null,
          null,
          1,
          9,
          null,
          9,
          3,
          3,
          null,
          6,
          null,
          null,
          null,
          1,
          12,
          10,
          null,
          2,
          null,
          null,
          null,
          1,
          null,
          1,
          12,
          null,
          null,
          1,
          10,
          null,
          null,
          1,
          9,
          null,
          null,
          1,
          19,
          null,
          null,
          1,
          46,
          null,
          null,
          1,
          29,
          null,
          null,
          1,
          10,
          null,
          4,
          null,
          4,
          8,
          4,
          0,
          null,
          null,
          null,
          null,
          null
        ]
      },
      "/home/aaz/lessons/vacation_master/spec/features/employes/logout_spec.rb": {
        "lines": [
          1,
          null,
          1,
          null,
          null,
          null,
          null,
          2,
          null,
          1,
          1,
          1,
          1,
          null,
          null,
          1,
          1,
          1,
          null,
          null
        ]
      },
      "/home/aaz/lessons/vacation_master/spec/features/employes/show_spec.rb": {
        "lines": [
          1,
          null,
          1,
          null,
          null,
          null,
          null,
          2,
          2,
          null,
          1,
          1,
          1,
          1,
          null,
          1,
          3,
          3,
          null,
          null,
          null,
          null
        ]
      },
      "/home/aaz/lessons/vacation_master/spec/features/employes/sign_in_spec.rb": {
        "lines": [
          1,
          null,
          1,
          null,
          null,
          null,
          null,
          2,
          null,
          3,
          null,
          1,
          1,
          1,
          1,
          null,
          1,
          null,
          null,
          1,
          1,
          1,
          1,
          null,
          1,
          null,
          null
        ]
      },
      "/home/aaz/lessons/vacation_master/spec/features/vacation/create_spec.rb": {
        "lines": [
          1,
          null,
          1,
          null,
          null,
          null,
          null,
          4,
          null,
          1,
          1,
          3,
          3,
          3,
          null,
          null,
          1,
          1,
          1,
          1,
          null,
          1,
          null,
          1,
          1,
          null,
          null,
          1,
          1,
          null,
          1,
          1,
          null,
          null,
          1,
          1,
          1,
          1,
          null,
          1,
          null,
          null,
          null,
          1,
          1,
          null,
          1,
          1,
          null,
          null
        ]
      },
      "/home/aaz/lessons/vacation_master/spec/features/vacation/index_spec.rb": {
        "lines": [
          1,
          null,
          1,
          null,
          null,
          null,
          null,
          4,
          2,
          2,
          null,
          1,
          1,
          1,
          null,
          1,
          3,
          3,
          null,
          null,
          null,
          1,
          1,
          1,
          1,
          null,
          null,
          1,
          1,
          1,
          null,
          null
        ]
      },
      "/home/aaz/lessons/vacation_master/spec/features/vacation/management_spec.rb": {
        "lines": [
          1,
          null,
          1,
          null,
          null,
          null,
          null,
          3,
          3,
          3,
          null,
          1,
          1,
          1,
          1,
          null,
          1,
          1,
          null,
          1,
          1,
          1,
          1,
          null,
          null,
          null,
          1,
          1,
          1,
          null,
          1,
          1,
          null,
          null,
          null,
          null,
          null,
          1,
          1,
          1,
          1,
          null,
          1,
          1,
          null,
          1,
          1,
          1,
          1,
          null,
          null,
          null,
          1,
          1,
          1,
          null,
          1,
          1,
          null,
          null,
          null,
          null
        ]
      },
      "/home/aaz/lessons/vacation_master/spec/mailers/vacation_mailer_spec.rb": {
        "lines": [
          1,
          null,
          1,
          1,
          3,
          3,
          null,
          1,
          1,
          1,
          1,
          null,
          null,
          1,
          1,
          null,
          null,
          null,
          1,
          3,
          3,
          null,
          1,
          1,
          1,
          1,
          null,
          null,
          1,
          1,
          null,
          null,
          null
        ]
      },
      "/home/aaz/lessons/vacation_master/app/mailers/vacation_mailer.rb": {
        "lines": [
          1,
          1,
          60,
          60,
          null,
          null,
          1,
          8,
          8,
          null,
          null
        ]
      },
      "/home/aaz/lessons/vacation_master/app/mailers/application_mailer.rb": {
        "lines": [
          1,
          1,
          1,
          null
        ]
      },
      "/home/aaz/lessons/vacation_master/spec/models/employee_spec.rb": {
        "lines": [
          1,
          null,
          1,
          1,
          2,
          null,
          null,
          1,
          2,
          2,
          null,
          null
        ]
      },
      "/home/aaz/lessons/vacation_master/spec/models/vacation_spec.rb": {
        "lines": [
          1,
          null,
          1,
          1,
          2,
          null,
          null,
          1,
          2,
          2,
          null,
          null
        ]
      },
      "/home/aaz/lessons/vacation_master/app/models/vacation.rb": {
        "lines": [
          1,
          1,
          null,
          1,
          null,
          1,
          1,
          null,
          1,
          1,
          null,
          1,
          1,
          null,
          1,
          null,
          null,
          1,
          57,
          null,
          null,
          1,
          6,
          null,
          null,
          1,
          72,
          null,
          66,
          null,
          3,
          null,
          null
        ]
      },
      "/home/aaz/lessons/vacation_master/app/models/concerns/statusable.rb": {
        "lines": [
          1,
          1,
          null,
          1,
          1,
          null,
          1,
          null,
          1,
          1,
          1,
          null,
          1,
          1,
          null,
          null,
          1,
          1,
          null,
          null,
          null,
          1,
          0,
          null,
          null,
          null,
          null
        ]
      },
      "/home/aaz/lessons/vacation_master/spec/policies/employee_policy_spec.rb": {
        "lines": [
          1,
          null,
          1,
          5,
          null,
          1,
          1,
          1,
          null,
          1,
          2,
          2,
          null,
          2,
          null,
          null,
          1,
          2,
          2,
          null,
          2,
          null,
          null,
          1,
          2,
          2,
          null,
          2,
          null,
          null,
          1,
          2,
          2,
          null,
          2,
          null,
          null
        ]
      },
      "/home/aaz/lessons/vacation_master/app/policies/employee_policy.rb": {
        "lines": [
          1,
          1,
          20,
          null,
          null
        ]
      },
      "/home/aaz/lessons/vacation_master/app/policies/application_policy.rb": {
        "lines": [
          null,
          null,
          1,
          1,
          null,
          1,
          82,
          82,
          null,
          null,
          1,
          0,
          null,
          null,
          1,
          0,
          null,
          null,
          1,
          0,
          null,
          null,
          1,
          9,
          null,
          null,
          1,
          1,
          null,
          null,
          1,
          0,
          null,
          null,
          1,
          0,
          null,
          null,
          1,
          1,
          0,
          0,
          null,
          null,
          1,
          0,
          null,
          null,
          1,
          null,
          1,
          null,
          null
        ]
      },
      "/home/aaz/lessons/vacation_master/spec/policies/vacation_policy_spec.rb": {
        "lines": [
          1,
          null,
          1,
          17,
          null,
          17,
          1,
          7,
          17,
          null,
          1,
          6,
          null,
          2,
          2,
          2,
          2,
          2,
          null,
          null,
          1,
          6,
          null,
          2,
          2,
          2,
          null,
          2,
          2,
          null,
          null,
          1,
          7,
          null,
          2,
          2,
          2,
          2,
          2,
          2,
          null,
          null
        ]
      },
      "/home/aaz/lessons/vacation_master/app/policies/vacation_policy.rb": {
        "lines": [
          1,
          1,
          14,
          null,
          null,
          1,
          10,
          null,
          null,
          1,
          23,
          null,
          null,
          1,
          9,
          null,
          null,
          1,
          5,
          null,
          null,
          1,
          null,
          1,
          14,
          null,
          null
        ]
      },
      "/home/aaz/lessons/vacation_master/spec/services/vacation_created_notify_spec.rb": {
        "lines": [
          1,
          null,
          1,
          2,
          2,
          null,
          1,
          1,
          null,
          1,
          null,
          1,
          null,
          null
        ]
      },
      "/home/aaz/lessons/vacation_master/app/services/vacation_created_notify_service.rb": {
        "lines": [
          1,
          1,
          58,
          null,
          null
        ]
      },
      "/home/aaz/lessons/vacation_master/app/controllers/static_pages_controller.rb": {
        "lines": [
          1,
          1,
          null
        ]
      }
    },
    "timestamp": 1698351611
  }
}
